xcode-select: error: tool 'xcodebuild' requires Xcode, but active developer directory '/Library/Developer/CommandLineTools' is a command line tools instance

xcode-select: error: tool 'xcodebuild' requires Xcode, but active developer directory '/Library/Developer/CommandLineTools' is a command line tools instance

  CXX(target) Release/obj.target/uws/src/Extensions.o
  CXX(target) Release/obj.target/uws/src/Group.o
In file included from ../src/Group.cpp:2:
../src/Hub.h:43:92: error: chosen constructor is explicit in copy-initialization
    void connect(std::string uri, void *user = nullptr, std::map<std::string, std::string> extraHeaders = {}, int timeoutMs = 5000, Group<CLIENT> *eh = nullptr);
                                                                                           ^              ~~
/Library/Developer/CommandLineTools/usr/bin/../include/c++/v1/map:838:14: note: constructor declared here
    explicit map(const key_compare& __comp = key_compare())
             ^
../src/Hub.h:43:92: note: passing argument to parameter 'extraHeaders' here
    void connect(std::string uri, void *user = nullptr, std::map<std::string, std::string> extraHeaders = {}, int timeoutMs = 5000, Group<CLIENT> *eh = nullptr);
                                                                                           ^
../src/Hub.h:43:92: error: missing default argument on parameter 'extraHeaders'
    void connect(std::string uri, void *user = nullptr, std::map<std::string, std::string> extraHeaders = {}, int timeoutMs = 5000, Group<CLIENT> *eh = nullptr);
                                                                                           ^
2 errors generated.
make: *** [Release/obj.target/uws/src/Group.o] Error 1
gyp ERR! build error 
gyp ERR! stack Error: `make` failed with exit code: 2
gyp ERR! stack     at ChildProcess.onExit (/Users/alexander/.nvm/versions/node/v8.1.3/lib/node_modules/npm/node_modules/node-gyp/lib/build.js:258:23)
gyp ERR! stack     at emitTwo (events.js:125:13)
gyp ERR! stack     at ChildProcess.emit (events.js:213:7)
gyp ERR! stack     at Process.ChildProcess._handle.onexit (internal/child_process.js:197:12)
gyp ERR! System Darwin 13.4.0
gyp ERR! command "/Users/alexander/.nvm/versions/node/v8.1.3/bin/node" "/Users/alexander/.nvm/versions/node/v8.1.3/lib/node_modules/npm/node_modules/node-gyp/bin/node-gyp.js" "rebuild"
gyp ERR! cwd /Users/alexander/Projects/chat_app/node_modules/uws
gyp ERR! node -v v8.1.3
gyp ERR! node-gyp -v v3.6.2
gyp ERR! not ok 
